[20:11:10] [main/INFO]: Loading Minecraft 1.20.1 with Fabric Loader 0.16.3
[20:11:10] [main/INFO]: Loading 4 mods:
	- fabricloader 0.16.3
	   \-- mixinextras 0.4.1
	- java 17
	- minecraft 1.20.1
[20:11:10] [main/INFO]: SpongePowered MIXIN Subsystem Version=0.8.7 Source=file:/workspaces/ServerJAVA/servidor_minecraft/libraries/net/fabricmc/sponge-mixin/0.15.2+mixin.0.8.7/sponge-mixin-0.15.2+mixin.0.8.7.jar Service=Knot/Fabric Env=SERVER
[20:11:15] [main/INFO]: Environment: authHost='https://authserver.mojang.com', accountsHost='https://api.mojang.com', sessionHost='https://sessionserver.mojang.com', servicesHost='https://api.minecraftservices.com', name='PROD'
[20:11:17] [main/INFO]: Loaded 7 recipes
[20:11:17] [main/INFO]: Loaded 1271 advancements
[20:11:17] [Server thread/INFO]: Starting minecraft server version 1.20.1
[20:11:17] [Server thread/INFO]: Loading properties
[20:11:17] [Server thread/INFO]: Default game type: SURVIVAL
[20:11:17] [Server thread/INFO]: Generating keypair
[20:11:17] [Server thread/INFO]: Starting Minecraft server on *:25565
[20:11:17] [Server thread/INFO]: Using epoll channel type
[20:11:17] [Server thread/WARN]: **** SERVER IS RUNNING IN OFFLINE/INSECURE MODE!
[20:11:17] [Server thread/WARN]: The server will make no attempt to authenticate usernames. Beware.
[20:11:17] [Server thread/WARN]: While this makes the game possible to play without internet access, it also opens up the ability for hackers to connect with any username they choose.
[20:11:17] [Server thread/WARN]: To change this, set "online-mode" to "true" in the server.properties file.
[20:11:17] [Server thread/INFO]: Preparing level "world"
[20:11:20] [Server thread/INFO]: Preparing start region for dimension minecraft:overworld
[20:11:24] [Worker-Main-3/INFO]: Preparing spawn area: 0%
[20:11:24] [Worker-Main-2/INFO]: Preparing spawn area: 0%
[20:11:24] [Worker-Main-1/INFO]: Preparing spawn area: 0%
[20:11:24] [Worker-Main-1/INFO]: Preparing spawn area: 0%
[20:11:24] [Worker-Main-1/INFO]: Preparing spawn area: 0%
[20:11:24] [Worker-Main-1/INFO]: Preparing spawn area: 0%
[20:11:24] [Worker-Main-1/INFO]: Preparing spawn area: 0%
[20:11:24] [Worker-Main-1/INFO]: Preparing spawn area: 0%
[20:11:24] [Worker-Main-2/INFO]: Preparing spawn area: 36%
[20:11:25] [Server thread/INFO]: Time elapsed: 4482 ms
[20:11:25] [Server thread/INFO]: Done (7.160s)! For help, type "help"
